app/build/intermediates/manifest_merge_blame_file/debug/manifest-merger-blame-debug-report.txt
1<?xml version="1.0" encoding="utf-8"?>
2<manifest xmlns:android="http://schemas.android.com/apk/res/android"
3    package="com.ut.iot.rooms"
4    android:versionCode="1"
5    android:versionName="1.0" >
6
7    <uses-sdk
8        android:minSdkVersion="21"
8-->src/main/AndroidManifest.xml
9        android:targetSdkVersion="29" />
9-->src/main/AndroidManifest.xml
10
11    <uses-permission android:name="android.permission.ACCESS_NETWORK_STATE" />
11-->[com.google.firebase:firebase-iid:20.0.1] AndroidManifest.xml:22:5-79
11-->[com.google.firebase:firebase-iid:20.0.1] AndroidManifest.xml:22:22-76
12    <uses-permission android:name="android.permission.INTERNET" />
12-->[com.google.firebase:firebase-iid:20.0.1] AndroidManifest.xml:23:5-67
12-->[com.google.firebase:firebase-iid:20.0.1] AndroidManifest.xml:23:22-64
13    <uses-permission android:name="android.permission.WAKE_LOCK" /> <!-- Required by older versions of Google Play services to create IID tokens -->
13-->[com.google.firebase:firebase-iid:20.0.1] AndroidManifest.xml:24:5-68
13-->[com.google.firebase:firebase-iid:20.0.1] AndroidManifest.xml:24:22-65
14    <uses-permission android:name="com.google.android.c2dm.permission.RECEIVE" />
14-->[com.google.firebase:firebase-iid:20.0.1] AndroidManifest.xml:26:5-82
14-->[com.google.firebase:firebase-iid:20.0.1] AndroidManifest.xml:26:22-79
15
16    <application
16-->src/main/AndroidManifest.xml:5:5-21:19
17        android:name="com.ut.iot.rooms.Rooms"
17-->src/main/AndroidManifest.xml:9:9-30
18        android:allowBackup="true"
18-->src/main/AndroidManifest.xml:6:9-35
19        android:appComponentFactory="androidx.core.app.CoreComponentFactory"
19-->[androidx.core:core:1.1.0] AndroidManifest.xml:24:18-86
20        android:debuggable="true"
21        android:icon="@mipmap/ic_launcher"
21-->src/main/AndroidManifest.xml:7:9-43
22        android:label="@string/app_name"
22-->src/main/AndroidManifest.xml:8:9-41
23        android:roundIcon="@mipmap/ic_launcher_round"
23-->src/main/AndroidManifest.xml:10:9-54
24        android:supportsRtl="true"
24-->src/main/AndroidManifest.xml:11:9-35
25        android:testOnly="true"
26        android:theme="@style/AppTheme" >
26-->src/main/AndroidManifest.xml:12:9-40
27        <activity android:name="com.ut.iot.rooms.ui.AuthActivity" >
27-->src/main/AndroidManifest.xml:13:9-20:20
27-->src/main/AndroidManifest.xml:13:19-50
28            <intent-filter>
28-->src/main/AndroidManifest.xml:14:13-19:29
29                <action android:name="android.intent.action.MAIN" />
29-->src/main/AndroidManifest.xml:15:17-69
29-->src/main/AndroidManifest.xml:15:25-66
30
31                <category android:name="android.intent.category.LAUNCHER" />
31-->src/main/AndroidManifest.xml:16:17-18:63
31-->src/main/AndroidManifest.xml:17:21-68
32            </intent-filter>
33        </activity>
34
35        <service
35-->[androidx.room:room-runtime:2.2.2] AndroidManifest.xml:25:9-27:40
36            android:name="androidx.room.MultiInstanceInvalidationService"
36-->[androidx.room:room-runtime:2.2.2] AndroidManifest.xml:26:13-74
37            android:exported="false" />
37-->[androidx.room:room-runtime:2.2.2] AndroidManifest.xml:27:13-37
38
39        <activity
39-->[com.google.android.gms:play-services-auth:17.0.0] AndroidManifest.xml:23:9-27:75
40            android:name="com.google.android.gms.auth.api.signin.internal.SignInHubActivity"
40-->[com.google.android.gms:play-services-auth:17.0.0] AndroidManifest.xml:24:13-93
41            android:excludeFromRecents="true"
41-->[com.google.android.gms:play-services-auth:17.0.0] AndroidManifest.xml:25:13-46
42            android:exported="false"
42-->[com.google.android.gms:play-services-auth:17.0.0] AndroidManifest.xml:26:13-37
43            android:theme="@android:style/Theme.Translucent.NoTitleBar" />
43-->[com.google.android.gms:play-services-auth:17.0.0] AndroidManifest.xml:27:13-72
44        <!--
45            Service handling Google Sign-In user revocation. For apps that do not integrate with
46            Google Sign-In, this service will never be started.
47        -->
48        <service
48-->[com.google.android.gms:play-services-auth:17.0.0] AndroidManifest.xml:33:9-36:110
49            android:name="com.google.android.gms.auth.api.signin.RevocationBoundService"
49-->[com.google.android.gms:play-services-auth:17.0.0] AndroidManifest.xml:34:13-89
50            android:exported="true"
50-->[com.google.android.gms:play-services-auth:17.0.0] AndroidManifest.xml:35:13-36
51            android:permission="com.google.android.gms.auth.api.signin.permission.REVOCATION_NOTIFICATION" />
51-->[com.google.android.gms:play-services-auth:17.0.0] AndroidManifest.xml:36:13-107
52        <!--
53             FirebaseMessagingService performs security checks at runtime,
54             but set to not exported to explicitly avoid allowing another app to call it.
55        -->
56        <service
56-->[com.google.firebase:firebase-messaging:20.0.1] AndroidManifest.xml:28:9-34:19
57            android:name="com.google.firebase.messaging.FirebaseMessagingService"
57-->[com.google.firebase:firebase-messaging:20.0.1] AndroidManifest.xml:29:13-82
58            android:exported="false" >
58-->[com.google.firebase:firebase-messaging:20.0.1] AndroidManifest.xml:30:13-37
59            <intent-filter android:priority="-500" >
59-->[com.google.firebase:firebase-messaging:20.0.1] AndroidManifest.xml:31:13-33:29
59-->[com.google.firebase:firebase-messaging:20.0.1] AndroidManifest.xml:31:28-51
60                <action android:name="com.google.firebase.MESSAGING_EVENT" />
60-->[com.google.firebase:firebase-messaging:20.0.1] AndroidManifest.xml:32:17-78
60-->[com.google.firebase:firebase-messaging:20.0.1] AndroidManifest.xml:32:25-75
61            </intent-filter>
62        </service>
63        <service
63-->[com.google.firebase:firebase-iid:20.0.1] AndroidManifest.xml:29:9-35:19
64            android:name="com.google.firebase.components.ComponentDiscoveryService"
64-->[com.google.firebase:firebase-iid:20.0.1] AndroidManifest.xml:30:13-84
65            android:directBootAware="true"
65-->[com.google.firebase:firebase-common:19.2.0] AndroidManifest.xml:15:13-43
66            android:exported="false" >
66-->[com.google.firebase:firebase-iid:20.0.1] AndroidManifest.xml:31:13-37
67            <meta-data
67-->[com.google.firebase:firebase-iid:20.0.1] AndroidManifest.xml:32:13-34:85
68                android:name="com.google.firebase.components:com.google.firebase.iid.Registrar"
68-->[com.google.firebase:firebase-iid:20.0.1] AndroidManifest.xml:33:17-96
69                android:value="com.google.firebase.components.ComponentRegistrar" />
69-->[com.google.firebase:firebase-iid:20.0.1] AndroidManifest.xml:34:17-82
70        </service>
71
72        <receiver
72-->[com.google.firebase:firebase-iid:20.0.1] AndroidManifest.xml:37:9-44:20
73            android:name="com.google.firebase.iid.FirebaseInstanceIdReceiver"
73-->[com.google.firebase:firebase-iid:20.0.1] AndroidManifest.xml:38:13-78
74            android:exported="true"
74-->[com.google.firebase:firebase-iid:20.0.1] AndroidManifest.xml:39:13-36
75            android:permission="com.google.android.c2dm.permission.SEND" >
75-->[com.google.firebase:firebase-iid:20.0.1] AndroidManifest.xml:40:13-73
76            <intent-filter>
76-->[com.google.firebase:firebase-iid:20.0.1] AndroidManifest.xml:41:13-43:29
77                <action android:name="com.google.android.c2dm.intent.RECEIVE" />
77-->[com.google.firebase:firebase-iid:20.0.1] AndroidManifest.xml:42:17-81
77-->[com.google.firebase:firebase-iid:20.0.1] AndroidManifest.xml:42:25-78
78            </intent-filter>
79        </receiver>
80
81        <activity
81-->[com.google.android.gms:play-services-base:17.0.0] AndroidManifest.xml:23:9-26:75
82            android:name="com.google.android.gms.common.api.GoogleApiActivity"
82-->[com.google.android.gms:play-services-base:17.0.0] AndroidManifest.xml:24:13-79
83            android:exported="false"
83-->[com.google.android.gms:play-services-base:17.0.0] AndroidManifest.xml:25:13-37
84            android:theme="@android:style/Theme.Translucent.NoTitleBar" />
84-->[com.google.android.gms:play-services-base:17.0.0] AndroidManifest.xml:26:13-72
85
86        <provider
86-->[com.google.firebase:firebase-common:19.2.0] AndroidManifest.xml:19:9-23:39
87            android:name="com.google.firebase.provider.FirebaseInitProvider"
87-->[com.google.firebase:firebase-common:19.2.0] AndroidManifest.xml:20:13-77
88            android:authorities="com.ut.iot.rooms.firebaseinitprovider"
88-->[com.google.firebase:firebase-common:19.2.0] AndroidManifest.xml:21:13-72
89            android:exported="false"
89-->[com.google.firebase:firebase-common:19.2.0] AndroidManifest.xml:22:13-37
90            android:initOrder="100" />
90-->[com.google.firebase:firebase-common:19.2.0] AndroidManifest.xml:23:13-36
91
92        <meta-data
92-->[com.google.android.gms:play-services-basement:17.0.0] AndroidManifest.xml:23:9-25:69
93            android:name="com.google.android.gms.version"
93-->[com.google.android.gms:play-services-basement:17.0.0] AndroidManifest.xml:24:13-58
94            android:value="@integer/google_play_services_version" />
94-->[com.google.android.gms:play-services-basement:17.0.0] AndroidManifest.xml:25:13-66
95
96        <provider
96-->[androidx.lifecycle:lifecycle-process:2.2.0-rc02] AndroidManifest.xml:25:9-29:43
97            android:name="androidx.lifecycle.ProcessLifecycleOwnerInitializer"
97-->[androidx.lifecycle:lifecycle-process:2.2.0-rc02] AndroidManifest.xml:26:13-79
98            android:authorities="com.ut.iot.rooms.lifecycle-process"
98-->[androidx.lifecycle:lifecycle-process:2.2.0-rc02] AndroidManifest.xml:27:13-69
99            android:exported="false"
99-->[androidx.lifecycle:lifecycle-process:2.2.0-rc02] AndroidManifest.xml:28:13-37
100            android:multiprocess="true" />
100-->[androidx.lifecycle:lifecycle-process:2.2.0-rc02] AndroidManifest.xml:29:13-40
101    </application>
102
103</manifest>